ARM GAS  /tmp/cctJZ5xd.s 			page 1


   1              		.syntax unified
   2              		.cpu cortex-m7
   3              		.eabi_attribute 28, 1
   4              		.fpu fpv5-d16
   5              		.eabi_attribute 20, 1
   6              		.eabi_attribute 21, 1
   7              		.eabi_attribute 23, 3
   8              		.eabi_attribute 24, 1
   9              		.eabi_attribute 25, 1
  10              		.eabi_attribute 26, 1
  11              		.eabi_attribute 30, 1
  12              		.eabi_attribute 34, 1
  13              		.eabi_attribute 18, 4
  14              		.thumb
  15              		.syntax unified
  16              		.file	"led.c"
  17              		.text
  18              	.Ltext0:
  19              		.cfi_sections	.debug_frame
  20              		.section	.text.LED_Init,"ax",%progbits
  21              		.align	2
  22              		.global	LED_Init
  23              		.thumb
  24              		.thumb_func
  26              	LED_Init:
  27              	.LFB136:
  28              		.file 1 "src/led.c"
   1:src/led.c     **** #include "led.h"
   2:src/led.c     **** 
   3:src/led.c     **** void LED_Init(void)
   4:src/led.c     **** {
  29              		.loc 1 4 0
  30              		.cfi_startproc
  31              		@ args = 0, pretend = 0, frame = 24
  32              		@ frame_needed = 0, uses_anonymous_args = 0
  33 0000 30B5     		push	{r4, r5, lr}
  34              	.LCFI0:
  35              		.cfi_def_cfa_offset 12
  36              		.cfi_offset 4, -12
  37              		.cfi_offset 5, -8
  38              		.cfi_offset 14, -4
  39 0002 87B0     		sub	sp, sp, #28
  40              	.LCFI1:
  41              		.cfi_def_cfa_offset 40
  42              	.LBB2:
   5:src/led.c     ****     GPIO_InitTypeDef LED_Initure;
   6:src/led.c     **** 
   7:src/led.c     ****     __HAL_RCC_GPIOB_CLK_ENABLE();
  43              		.loc 1 7 0
  44 0004 104B     		ldr	r3, .L3
  45 0006 1A6B     		ldr	r2, [r3, #48]
  46 0008 42F00202 		orr	r2, r2, #2
  47 000c 1A63     		str	r2, [r3, #48]
  48 000e 1B6B     		ldr	r3, [r3, #48]
  49 0010 03F00203 		and	r3, r3, #2
  50 0014 0093     		str	r3, [sp]
  51 0016 009B     		ldr	r3, [sp]
ARM GAS  /tmp/cctJZ5xd.s 			page 2


  52              	.LBE2:
   8:src/led.c     **** 
   9:src/led.c     ****     LED_Initure.Pin = GPIO_PIN_0 | GPIO_PIN_1;
  53              		.loc 1 9 0
  54 0018 0323     		movs	r3, #3
  55 001a 0193     		str	r3, [sp, #4]
  10:src/led.c     ****     LED_Initure.Mode = GPIO_MODE_OUTPUT_PP;
  56              		.loc 1 10 0
  57 001c 0124     		movs	r4, #1
  58 001e 0294     		str	r4, [sp, #8]
  11:src/led.c     ****     LED_Initure.Pull = GPIO_PULLUP;
  59              		.loc 1 11 0
  60 0020 0394     		str	r4, [sp, #12]
  12:src/led.c     ****     LED_Initure.Speed = GPIO_SPEED_HIGH;
  61              		.loc 1 12 0
  62 0022 0493     		str	r3, [sp, #16]
  13:src/led.c     ****     HAL_GPIO_Init(GPIOB, &LED_Initure);
  63              		.loc 1 13 0
  64 0024 094D     		ldr	r5, .L3+4
  65 0026 01A9     		add	r1, sp, #4
  66 0028 2846     		mov	r0, r5
  67 002a FFF7FEFF 		bl	HAL_GPIO_Init
  68              	.LVL0:
  14:src/led.c     **** 
  15:src/led.c     ****     LED0(1);
  69              		.loc 1 15 0
  70 002e 2246     		mov	r2, r4
  71 0030 0221     		movs	r1, #2
  72 0032 2846     		mov	r0, r5
  73 0034 FFF7FEFF 		bl	HAL_GPIO_WritePin
  74              	.LVL1:
  16:src/led.c     ****     LED1(1);
  75              		.loc 1 16 0
  76 0038 2246     		mov	r2, r4
  77 003a 2146     		mov	r1, r4
  78 003c 2846     		mov	r0, r5
  79 003e FFF7FEFF 		bl	HAL_GPIO_WritePin
  80              	.LVL2:
  17:src/led.c     **** }
  81              		.loc 1 17 0
  82 0042 07B0     		add	sp, sp, #28
  83              	.LCFI2:
  84              		.cfi_def_cfa_offset 12
  85              		@ sp needed
  86 0044 30BD     		pop	{r4, r5, pc}
  87              	.L4:
  88 0046 00BF     		.align	2
  89              	.L3:
  90 0048 00380240 		.word	1073887232
  91 004c 00040240 		.word	1073873920
  92              		.cfi_endproc
  93              	.LFE136:
  95              		.text
  96              	.Letext0:
  97              		.file 2 "/opt/5.4.2016q3/arm-none-eabi/include/machine/_default_types.h"
  98              		.file 3 "/opt/5.4.2016q3/arm-none-eabi/include/sys/_stdint.h"
  99              		.file 4 "Inc/stm32f767xx.h"
ARM GAS  /tmp/cctJZ5xd.s 			page 3


 100              		.file 5 "HALLIB/Inc/stm32f7xx_hal_gpio.h"
 101              		.file 6 "CORE/core_cm7.h"
ARM GAS  /tmp/cctJZ5xd.s 			page 4


DEFINED SYMBOLS
                            *ABS*:00000000 led.c
     /tmp/cctJZ5xd.s:21     .text.LED_Init:00000000 $t
     /tmp/cctJZ5xd.s:26     .text.LED_Init:00000000 LED_Init
     /tmp/cctJZ5xd.s:90     .text.LED_Init:00000048 $d
                     .debug_frame:00000010 $d

UNDEFINED SYMBOLS
HAL_GPIO_Init
HAL_GPIO_WritePin
