ARM GAS  /tmp/ccY297T0.s 			page 1


   1              		.syntax unified
   2              		.cpu cortex-m7
   3              		.eabi_attribute 28, 1
   4              		.fpu fpv5-d16
   5              		.eabi_attribute 20, 1
   6              		.eabi_attribute 21, 1
   7              		.eabi_attribute 23, 3
   8              		.eabi_attribute 24, 1
   9              		.eabi_attribute 25, 1
  10              		.eabi_attribute 26, 1
  11              		.eabi_attribute 30, 1
  12              		.eabi_attribute 34, 1
  13              		.eabi_attribute 18, 4
  14              		.thumb
  15              		.syntax unified
  16              		.file	"stm32f7xx_hal_msp.c"
  17              		.text
  18              	.Ltext0:
  19              		.cfi_sections	.debug_frame
  20              		.section	.text.HAL_MspInit,"ax",%progbits
  21              		.align	2
  22              		.global	HAL_MspInit
  23              		.thumb
  24              		.thumb_func
  26              	HAL_MspInit:
  27              	.LFB136:
  28              		.file 1 "src/stm32f7xx_hal_msp.c"
   1:src/stm32f7xx_hal_msp.c **** /**
   2:src/stm32f7xx_hal_msp.c ****   ******************************************************************************
   3:src/stm32f7xx_hal_msp.c ****   * @file    Templates/Src/stm32f7xx_hal_msp.c
   4:src/stm32f7xx_hal_msp.c ****   * @author  MCD Application Team
   5:src/stm32f7xx_hal_msp.c ****   * @brief   HAL MSP module.
   6:src/stm32f7xx_hal_msp.c ****   ******************************************************************************
   7:src/stm32f7xx_hal_msp.c ****   * @attention
   8:src/stm32f7xx_hal_msp.c ****   *
   9:src/stm32f7xx_hal_msp.c ****   * <h2><center>&copy; COPYRIGHT(c) 2016 STMicroelectronics</center></h2>
  10:src/stm32f7xx_hal_msp.c ****   *
  11:src/stm32f7xx_hal_msp.c ****   * Redistribution and use in source and binary forms, with or without modification,
  12:src/stm32f7xx_hal_msp.c ****   * are permitted provided that the following conditions are met:
  13:src/stm32f7xx_hal_msp.c ****   *   1. Redistributions of source code must retain the above copyright notice,
  14:src/stm32f7xx_hal_msp.c ****   *      this list of conditions and the following disclaimer.
  15:src/stm32f7xx_hal_msp.c ****   *   2. Redistributions in binary form must reproduce the above copyright notice,
  16:src/stm32f7xx_hal_msp.c ****   *      this list of conditions and the following disclaimer in the documentation
  17:src/stm32f7xx_hal_msp.c ****   *      and/or other materials provided with the distribution.
  18:src/stm32f7xx_hal_msp.c ****   *   3. Neither the name of STMicroelectronics nor the names of its contributors
  19:src/stm32f7xx_hal_msp.c ****   *      may be used to endorse or promote products derived from this software
  20:src/stm32f7xx_hal_msp.c ****   *      without specific prior written permission.
  21:src/stm32f7xx_hal_msp.c ****   *
  22:src/stm32f7xx_hal_msp.c ****   * THIS SOFTWARE IS PROVIDED BY THE COPYRIGHT HOLDERS AND CONTRIBUTORS "AS IS"
  23:src/stm32f7xx_hal_msp.c ****   * AND ANY EXPRESS OR IMPLIED WARRANTIES, INCLUDING, BUT NOT LIMITED TO, THE
  24:src/stm32f7xx_hal_msp.c ****   * IMPLIED WARRANTIES OF MERCHANTABILITY AND FITNESS FOR A PARTICULAR PURPOSE ARE
  25:src/stm32f7xx_hal_msp.c ****   * DISCLAIMED. IN NO EVENT SHALL THE COPYRIGHT HOLDER OR CONTRIBUTORS BE LIABLE
  26:src/stm32f7xx_hal_msp.c ****   * FOR ANY DIRECT, INDIRECT, INCIDENTAL, SPECIAL, EXEMPLARY, OR CONSEQUENTIAL
  27:src/stm32f7xx_hal_msp.c ****   * DAMAGES (INCLUDING, BUT NOT LIMITED TO, PROCUREMENT OF SUBSTITUTE GOODS OR
  28:src/stm32f7xx_hal_msp.c ****   * SERVICES; LOSS OF USE, DATA, OR PROFITS; OR BUSINESS INTERRUPTION) HOWEVER
  29:src/stm32f7xx_hal_msp.c ****   * CAUSED AND ON ANY THEORY OF LIABILITY, WHETHER IN CONTRACT, STRICT LIABILITY,
  30:src/stm32f7xx_hal_msp.c ****   * OR TORT (INCLUDING NEGLIGENCE OR OTHERWISE) ARISING IN ANY WAY OUT OF THE USE
ARM GAS  /tmp/ccY297T0.s 			page 2


  31:src/stm32f7xx_hal_msp.c ****   * OF THIS SOFTWARE, EVEN IF ADVISED OF THE POSSIBILITY OF SUCH DAMAGE.
  32:src/stm32f7xx_hal_msp.c ****   *
  33:src/stm32f7xx_hal_msp.c ****   ******************************************************************************
  34:src/stm32f7xx_hal_msp.c ****   */
  35:src/stm32f7xx_hal_msp.c **** 
  36:src/stm32f7xx_hal_msp.c **** /* Includes ------------------------------------------------------------------*/
  37:src/stm32f7xx_hal_msp.c **** #include "main.h"
  38:src/stm32f7xx_hal_msp.c **** 
  39:src/stm32f7xx_hal_msp.c **** /** @addtogroup STM32F7xx_HAL_Examples
  40:src/stm32f7xx_hal_msp.c ****   * @{
  41:src/stm32f7xx_hal_msp.c ****   */
  42:src/stm32f7xx_hal_msp.c **** 
  43:src/stm32f7xx_hal_msp.c **** /** @addtogroup Templates
  44:src/stm32f7xx_hal_msp.c ****   * @{
  45:src/stm32f7xx_hal_msp.c ****   */
  46:src/stm32f7xx_hal_msp.c **** 
  47:src/stm32f7xx_hal_msp.c **** /* Private typedef -----------------------------------------------------------*/
  48:src/stm32f7xx_hal_msp.c **** /* Private define ------------------------------------------------------------*/
  49:src/stm32f7xx_hal_msp.c **** /* Private macro -------------------------------------------------------------*/
  50:src/stm32f7xx_hal_msp.c **** /* Private variables ---------------------------------------------------------*/
  51:src/stm32f7xx_hal_msp.c **** /* Private function prototypes -----------------------------------------------*/
  52:src/stm32f7xx_hal_msp.c **** /* Private functions ---------------------------------------------------------*/
  53:src/stm32f7xx_hal_msp.c **** 
  54:src/stm32f7xx_hal_msp.c **** /** @defgroup HAL_MSP_Private_Functions
  55:src/stm32f7xx_hal_msp.c ****   * @{
  56:src/stm32f7xx_hal_msp.c ****   */
  57:src/stm32f7xx_hal_msp.c **** 
  58:src/stm32f7xx_hal_msp.c **** /**
  59:src/stm32f7xx_hal_msp.c ****   * @brief  Initializes the Global MSP.
  60:src/stm32f7xx_hal_msp.c ****   * @param  None
  61:src/stm32f7xx_hal_msp.c ****   * @retval None
  62:src/stm32f7xx_hal_msp.c ****   */
  63:src/stm32f7xx_hal_msp.c **** void HAL_MspInit(void)
  64:src/stm32f7xx_hal_msp.c **** {
  29              		.loc 1 64 0
  30              		.cfi_startproc
  31              		@ args = 0, pretend = 0, frame = 0
  32              		@ frame_needed = 0, uses_anonymous_args = 0
  33              		@ link register save eliminated.
  34 0000 7047     		bx	lr
  35              		.cfi_endproc
  36              	.LFE136:
  38 0002 00BF     		.section	.text.HAL_MspDeInit,"ax",%progbits
  39              		.align	2
  40              		.global	HAL_MspDeInit
  41              		.thumb
  42              		.thumb_func
  44              	HAL_MspDeInit:
  45              	.LFB137:
  65:src/stm32f7xx_hal_msp.c **** }
  66:src/stm32f7xx_hal_msp.c **** 
  67:src/stm32f7xx_hal_msp.c **** /**
  68:src/stm32f7xx_hal_msp.c ****   * @brief  DeInitializes the Global MSP.
  69:src/stm32f7xx_hal_msp.c ****   * @param  None  
  70:src/stm32f7xx_hal_msp.c ****   * @retval None
  71:src/stm32f7xx_hal_msp.c ****   */
  72:src/stm32f7xx_hal_msp.c **** void HAL_MspDeInit(void)
ARM GAS  /tmp/ccY297T0.s 			page 3


  73:src/stm32f7xx_hal_msp.c **** {
  46              		.loc 1 73 0
  47              		.cfi_startproc
  48              		@ args = 0, pretend = 0, frame = 0
  49              		@ frame_needed = 0, uses_anonymous_args = 0
  50              		@ link register save eliminated.
  51 0000 7047     		bx	lr
  52              		.cfi_endproc
  53              	.LFE137:
  55 0002 00BF     		.text
  56              	.Letext0:
  57              		.file 2 "/opt/5.4.2016q3/arm-none-eabi/include/machine/_default_types.h"
  58              		.file 3 "/opt/5.4.2016q3/arm-none-eabi/include/sys/_stdint.h"
  59              		.file 4 "CORE/core_cm7.h"
ARM GAS  /tmp/ccY297T0.s 			page 4


DEFINED SYMBOLS
                            *ABS*:00000000 stm32f7xx_hal_msp.c
     /tmp/ccY297T0.s:21     .text.HAL_MspInit:00000000 $t
     /tmp/ccY297T0.s:26     .text.HAL_MspInit:00000000 HAL_MspInit
     /tmp/ccY297T0.s:39     .text.HAL_MspDeInit:00000000 $t
     /tmp/ccY297T0.s:44     .text.HAL_MspDeInit:00000000 HAL_MspDeInit
                     .debug_frame:00000010 $d

NO UNDEFINED SYMBOLS
