ARM GAS  /tmp/ccu2qhJa.s 			page 1


   1              		.syntax unified
   2              		.cpu cortex-m7
   3              		.eabi_attribute 28, 1
   4              		.fpu fpv5-d16
   5              		.eabi_attribute 20, 1
   6              		.eabi_attribute 21, 1
   7              		.eabi_attribute 23, 3
   8              		.eabi_attribute 24, 1
   9              		.eabi_attribute 25, 1
  10              		.eabi_attribute 26, 1
  11              		.eabi_attribute 30, 1
  12              		.eabi_attribute 34, 1
  13              		.eabi_attribute 18, 4
  14              		.thumb
  15              		.syntax unified
  16              		.file	"stm32f7xx_hal_smartcard_ex.c"
  17              		.text
  18              	.Ltext0:
  19              		.cfi_sections	.debug_frame
  20              		.section	.text.HAL_SMARTCARDEx_BlockLength_Config,"ax",%progbits
  21              		.align	2
  22              		.global	HAL_SMARTCARDEx_BlockLength_Config
  23              		.thumb
  24              		.thumb_func
  26              	HAL_SMARTCARDEx_BlockLength_Config:
  27              	.LFB136:
  28              		.file 1 "HALLIB/Src/stm32f7xx_hal_smartcard_ex.c"
   1:HALLIB/Src/stm32f7xx_hal_smartcard_ex.c **** /**
   2:HALLIB/Src/stm32f7xx_hal_smartcard_ex.c ****   ******************************************************************************
   3:HALLIB/Src/stm32f7xx_hal_smartcard_ex.c ****   * @file    stm32f7xx_hal_smartcard_ex.c
   4:HALLIB/Src/stm32f7xx_hal_smartcard_ex.c ****   * @author  MCD Application Team
   5:HALLIB/Src/stm32f7xx_hal_smartcard_ex.c ****   * @brief   SMARTCARD HAL module driver.
   6:HALLIB/Src/stm32f7xx_hal_smartcard_ex.c ****   *
   7:HALLIB/Src/stm32f7xx_hal_smartcard_ex.c ****   *          This file provides extended firmware functions to manage the following 
   8:HALLIB/Src/stm32f7xx_hal_smartcard_ex.c ****   *          functionalities of the SmartCard.
   9:HALLIB/Src/stm32f7xx_hal_smartcard_ex.c ****   *           + Initialization and de-initialization functions
  10:HALLIB/Src/stm32f7xx_hal_smartcard_ex.c ****   *           + Peripheral Control functions
  11:HALLIB/Src/stm32f7xx_hal_smartcard_ex.c ****   @verbatim
  12:HALLIB/Src/stm32f7xx_hal_smartcard_ex.c ****  ===============================================================================
  13:HALLIB/Src/stm32f7xx_hal_smartcard_ex.c ****                         ##### How to use this driver #####
  14:HALLIB/Src/stm32f7xx_hal_smartcard_ex.c ****  ===============================================================================
  15:HALLIB/Src/stm32f7xx_hal_smartcard_ex.c ****     [..]
  16:HALLIB/Src/stm32f7xx_hal_smartcard_ex.c ****     The Extended SMARTCARD HAL driver can be used as follow:
  17:HALLIB/Src/stm32f7xx_hal_smartcard_ex.c **** 
  18:HALLIB/Src/stm32f7xx_hal_smartcard_ex.c ****     (#) After having configured the SMARTCARD basic features with HAL_SMARTCARD_Init(), 
  19:HALLIB/Src/stm32f7xx_hal_smartcard_ex.c ****         then if required, program SMARTCARD advanced features (TX/RX pins swap, TimeOut, 
  20:HALLIB/Src/stm32f7xx_hal_smartcard_ex.c ****         auto-retry counter,...) in the hsc AdvancedInit structure.
  21:HALLIB/Src/stm32f7xx_hal_smartcard_ex.c **** 
  22:HALLIB/Src/stm32f7xx_hal_smartcard_ex.c ****   @endverbatim
  23:HALLIB/Src/stm32f7xx_hal_smartcard_ex.c ****   ******************************************************************************
  24:HALLIB/Src/stm32f7xx_hal_smartcard_ex.c ****   * @attention
  25:HALLIB/Src/stm32f7xx_hal_smartcard_ex.c ****   *
  26:HALLIB/Src/stm32f7xx_hal_smartcard_ex.c ****   * <h2><center>&copy; COPYRIGHT(c) 2017 STMicroelectronics</center></h2>
  27:HALLIB/Src/stm32f7xx_hal_smartcard_ex.c ****   *
  28:HALLIB/Src/stm32f7xx_hal_smartcard_ex.c ****   * Redistribution and use in source and binary forms, with or without modification,
  29:HALLIB/Src/stm32f7xx_hal_smartcard_ex.c ****   * are permitted provided that the following conditions are met:
  30:HALLIB/Src/stm32f7xx_hal_smartcard_ex.c ****   *   1. Redistributions of source code must retain the above copyright notice,
ARM GAS  /tmp/ccu2qhJa.s 			page 2


  31:HALLIB/Src/stm32f7xx_hal_smartcard_ex.c ****   *      this list of conditions and the following disclaimer.
  32:HALLIB/Src/stm32f7xx_hal_smartcard_ex.c ****   *   2. Redistributions in binary form must reproduce the above copyright notice,
  33:HALLIB/Src/stm32f7xx_hal_smartcard_ex.c ****   *      this list of conditions and the following disclaimer in the documentation
  34:HALLIB/Src/stm32f7xx_hal_smartcard_ex.c ****   *      and/or other materials provided with the distribution.
  35:HALLIB/Src/stm32f7xx_hal_smartcard_ex.c ****   *   3. Neither the name of STMicroelectronics nor the names of its contributors
  36:HALLIB/Src/stm32f7xx_hal_smartcard_ex.c ****   *      may be used to endorse or promote products derived from this software
  37:HALLIB/Src/stm32f7xx_hal_smartcard_ex.c ****   *      without specific prior written permission.
  38:HALLIB/Src/stm32f7xx_hal_smartcard_ex.c ****   *
  39:HALLIB/Src/stm32f7xx_hal_smartcard_ex.c ****   * THIS SOFTWARE IS PROVIDED BY THE COPYRIGHT HOLDERS AND CONTRIBUTORS "AS IS"
  40:HALLIB/Src/stm32f7xx_hal_smartcard_ex.c ****   * AND ANY EXPRESS OR IMPLIED WARRANTIES, INCLUDING, BUT NOT LIMITED TO, THE
  41:HALLIB/Src/stm32f7xx_hal_smartcard_ex.c ****   * IMPLIED WARRANTIES OF MERCHANTABILITY AND FITNESS FOR A PARTICULAR PURPOSE ARE
  42:HALLIB/Src/stm32f7xx_hal_smartcard_ex.c ****   * DISCLAIMED. IN NO EVENT SHALL THE COPYRIGHT HOLDER OR CONTRIBUTORS BE LIABLE
  43:HALLIB/Src/stm32f7xx_hal_smartcard_ex.c ****   * FOR ANY DIRECT, INDIRECT, INCIDENTAL, SPECIAL, EXEMPLARY, OR CONSEQUENTIAL
  44:HALLIB/Src/stm32f7xx_hal_smartcard_ex.c ****   * DAMAGES (INCLUDING, BUT NOT LIMITED TO, PROCUREMENT OF SUBSTITUTE GOODS OR
  45:HALLIB/Src/stm32f7xx_hal_smartcard_ex.c ****   * SERVICES; LOSS OF USE, DATA, OR PROFITS; OR BUSINESS INTERRUPTION) HOWEVER
  46:HALLIB/Src/stm32f7xx_hal_smartcard_ex.c ****   * CAUSED AND ON ANY THEORY OF LIABILITY, WHETHER IN CONTRACT, STRICT LIABILITY,
  47:HALLIB/Src/stm32f7xx_hal_smartcard_ex.c ****   * OR TORT (INCLUDING NEGLIGENCE OR OTHERWISE) ARISING IN ANY WAY OUT OF THE USE
  48:HALLIB/Src/stm32f7xx_hal_smartcard_ex.c ****   * OF THIS SOFTWARE, EVEN IF ADVISED OF THE POSSIBILITY OF SUCH DAMAGE.
  49:HALLIB/Src/stm32f7xx_hal_smartcard_ex.c ****   *
  50:HALLIB/Src/stm32f7xx_hal_smartcard_ex.c ****   ******************************************************************************
  51:HALLIB/Src/stm32f7xx_hal_smartcard_ex.c ****   */
  52:HALLIB/Src/stm32f7xx_hal_smartcard_ex.c **** 
  53:HALLIB/Src/stm32f7xx_hal_smartcard_ex.c **** /* Includes ------------------------------------------------------------------*/
  54:HALLIB/Src/stm32f7xx_hal_smartcard_ex.c **** #include "stm32f7xx_hal.h"
  55:HALLIB/Src/stm32f7xx_hal_smartcard_ex.c **** 
  56:HALLIB/Src/stm32f7xx_hal_smartcard_ex.c **** /** @addtogroup STM32F7xx_HAL_Driver
  57:HALLIB/Src/stm32f7xx_hal_smartcard_ex.c ****   * @{
  58:HALLIB/Src/stm32f7xx_hal_smartcard_ex.c ****   */
  59:HALLIB/Src/stm32f7xx_hal_smartcard_ex.c **** 
  60:HALLIB/Src/stm32f7xx_hal_smartcard_ex.c **** /** @defgroup SMARTCARDEx SMARTCARDEx
  61:HALLIB/Src/stm32f7xx_hal_smartcard_ex.c ****   * @brief SMARTCARD Extended HAL module driver
  62:HALLIB/Src/stm32f7xx_hal_smartcard_ex.c ****   * @{
  63:HALLIB/Src/stm32f7xx_hal_smartcard_ex.c ****   */
  64:HALLIB/Src/stm32f7xx_hal_smartcard_ex.c **** #ifdef HAL_SMARTCARD_MODULE_ENABLED
  65:HALLIB/Src/stm32f7xx_hal_smartcard_ex.c ****     
  66:HALLIB/Src/stm32f7xx_hal_smartcard_ex.c **** /* Private typedef -----------------------------------------------------------*/
  67:HALLIB/Src/stm32f7xx_hal_smartcard_ex.c **** /* Private define ------------------------------------------------------------*/
  68:HALLIB/Src/stm32f7xx_hal_smartcard_ex.c **** /* Private macro -------------------------------------------------------------*/
  69:HALLIB/Src/stm32f7xx_hal_smartcard_ex.c **** /* Private variables ---------------------------------------------------------*/
  70:HALLIB/Src/stm32f7xx_hal_smartcard_ex.c **** /* Private function prototypes -----------------------------------------------*/
  71:HALLIB/Src/stm32f7xx_hal_smartcard_ex.c **** /* Private functions ---------------------------------------------------------*/
  72:HALLIB/Src/stm32f7xx_hal_smartcard_ex.c **** 
  73:HALLIB/Src/stm32f7xx_hal_smartcard_ex.c **** /** @defgroup SMARTCARDEx_Exported_Functions SMARTCARDEx Exported Functions
  74:HALLIB/Src/stm32f7xx_hal_smartcard_ex.c ****   * @{
  75:HALLIB/Src/stm32f7xx_hal_smartcard_ex.c ****   */
  76:HALLIB/Src/stm32f7xx_hal_smartcard_ex.c **** 
  77:HALLIB/Src/stm32f7xx_hal_smartcard_ex.c **** /** @defgroup SMARTCARDEx_Group1 Extended Peripheral Control functions
  78:HALLIB/Src/stm32f7xx_hal_smartcard_ex.c ****   * @brief    Extended control functions
  79:HALLIB/Src/stm32f7xx_hal_smartcard_ex.c ****   *
  80:HALLIB/Src/stm32f7xx_hal_smartcard_ex.c **** @verbatim   
  81:HALLIB/Src/stm32f7xx_hal_smartcard_ex.c ****  ===============================================================================
  82:HALLIB/Src/stm32f7xx_hal_smartcard_ex.c ****                       ##### Peripheral Control functions #####
  83:HALLIB/Src/stm32f7xx_hal_smartcard_ex.c ****  ===============================================================================
  84:HALLIB/Src/stm32f7xx_hal_smartcard_ex.c ****     [..]
  85:HALLIB/Src/stm32f7xx_hal_smartcard_ex.c ****     This subsection provides a set of functions allowing to initialize the SMARTCARD.
  86:HALLIB/Src/stm32f7xx_hal_smartcard_ex.c ****      (+) HAL_SMARTCARDEx_BlockLength_Config() API allows to configure the Block Length on the fly 
  87:HALLIB/Src/stm32f7xx_hal_smartcard_ex.c ****      (+) HAL_SMARTCARDEx_TimeOut_Config() API allows to configure the receiver timeout value on the
ARM GAS  /tmp/ccu2qhJa.s 			page 3


  88:HALLIB/Src/stm32f7xx_hal_smartcard_ex.c ****      (+) HAL_SMARTCARDEx_EnableReceiverTimeOut() API enables the receiver timeout feature
  89:HALLIB/Src/stm32f7xx_hal_smartcard_ex.c ****      (+) HAL_SMARTCARDEx_DisableReceiverTimeOut() API disables the receiver timeout feature
  90:HALLIB/Src/stm32f7xx_hal_smartcard_ex.c **** 
  91:HALLIB/Src/stm32f7xx_hal_smartcard_ex.c **** @endverbatim
  92:HALLIB/Src/stm32f7xx_hal_smartcard_ex.c ****   * @{
  93:HALLIB/Src/stm32f7xx_hal_smartcard_ex.c ****   */
  94:HALLIB/Src/stm32f7xx_hal_smartcard_ex.c **** 
  95:HALLIB/Src/stm32f7xx_hal_smartcard_ex.c **** /**
  96:HALLIB/Src/stm32f7xx_hal_smartcard_ex.c ****   * @brief Update on the fly the SMARTCARD block length in RTOR register
  97:HALLIB/Src/stm32f7xx_hal_smartcard_ex.c ****   * @param hsc SMARTCARD handle
  98:HALLIB/Src/stm32f7xx_hal_smartcard_ex.c ****   * @param BlockLength SMARTCARD block length (8-bit long at most)  
  99:HALLIB/Src/stm32f7xx_hal_smartcard_ex.c ****   * @retval None
 100:HALLIB/Src/stm32f7xx_hal_smartcard_ex.c ****   */
 101:HALLIB/Src/stm32f7xx_hal_smartcard_ex.c **** void HAL_SMARTCARDEx_BlockLength_Config(SMARTCARD_HandleTypeDef *hsc, uint8_t BlockLength)
 102:HALLIB/Src/stm32f7xx_hal_smartcard_ex.c **** {
  29              		.loc 1 102 0
  30              		.cfi_startproc
  31              		@ args = 0, pretend = 0, frame = 0
  32              		@ frame_needed = 0, uses_anonymous_args = 0
  33              		@ link register save eliminated.
  34              	.LVL0:
 103:HALLIB/Src/stm32f7xx_hal_smartcard_ex.c ****   MODIFY_REG(hsc->Instance->RTOR, USART_RTOR_BLEN, ((uint32_t)BlockLength << SMARTCARD_RTOR_BLEN_LS
  35              		.loc 1 103 0
  36 0000 0268     		ldr	r2, [r0]
  37 0002 5369     		ldr	r3, [r2, #20]
  38 0004 23F07F43 		bic	r3, r3, #-16777216
  39 0008 43EA0161 		orr	r1, r3, r1, lsl #24
  40              	.LVL1:
  41 000c 5161     		str	r1, [r2, #20]
  42 000e 7047     		bx	lr
  43              		.cfi_endproc
  44              	.LFE136:
  46              		.section	.text.HAL_SMARTCARDEx_TimeOut_Config,"ax",%progbits
  47              		.align	2
  48              		.global	HAL_SMARTCARDEx_TimeOut_Config
  49              		.thumb
  50              		.thumb_func
  52              	HAL_SMARTCARDEx_TimeOut_Config:
  53              	.LFB137:
 104:HALLIB/Src/stm32f7xx_hal_smartcard_ex.c **** }
 105:HALLIB/Src/stm32f7xx_hal_smartcard_ex.c **** 
 106:HALLIB/Src/stm32f7xx_hal_smartcard_ex.c **** /**
 107:HALLIB/Src/stm32f7xx_hal_smartcard_ex.c ****   * @brief Update on the fly the receiver timeout value in RTOR register
 108:HALLIB/Src/stm32f7xx_hal_smartcard_ex.c ****   * @param hsc SMARTCARD handle
 109:HALLIB/Src/stm32f7xx_hal_smartcard_ex.c ****   * @param TimeOutValue receiver timeout value in number of baud blocks. The timeout
 110:HALLIB/Src/stm32f7xx_hal_smartcard_ex.c ****   *                     value must be less or equal to 0x0FFFFFFFF. 
 111:HALLIB/Src/stm32f7xx_hal_smartcard_ex.c ****   * @retval None
 112:HALLIB/Src/stm32f7xx_hal_smartcard_ex.c ****   */
 113:HALLIB/Src/stm32f7xx_hal_smartcard_ex.c **** void HAL_SMARTCARDEx_TimeOut_Config(SMARTCARD_HandleTypeDef *hsc, uint32_t TimeOutValue)
 114:HALLIB/Src/stm32f7xx_hal_smartcard_ex.c **** {
  54              		.loc 1 114 0
  55              		.cfi_startproc
  56              		@ args = 0, pretend = 0, frame = 0
  57              		@ frame_needed = 0, uses_anonymous_args = 0
  58              		@ link register save eliminated.
  59              	.LVL2:
 115:HALLIB/Src/stm32f7xx_hal_smartcard_ex.c ****   assert_param(IS_SMARTCARD_TIMEOUT_VALUE(hsc->Init.TimeOutValue));
ARM GAS  /tmp/ccu2qhJa.s 			page 4


 116:HALLIB/Src/stm32f7xx_hal_smartcard_ex.c ****   MODIFY_REG(hsc->Instance->RTOR, USART_RTOR_RTO, TimeOutValue); 
  60              		.loc 1 116 0
  61 0000 0268     		ldr	r2, [r0]
  62 0002 5369     		ldr	r3, [r2, #20]
  63 0004 03F07F43 		and	r3, r3, #-16777216
  64 0008 1943     		orrs	r1, r1, r3
  65              	.LVL3:
  66 000a 5161     		str	r1, [r2, #20]
  67 000c 7047     		bx	lr
  68              		.cfi_endproc
  69              	.LFE137:
  71 000e 00BF     		.section	.text.HAL_SMARTCARDEx_EnableReceiverTimeOut,"ax",%progbits
  72              		.align	2
  73              		.global	HAL_SMARTCARDEx_EnableReceiverTimeOut
  74              		.thumb
  75              		.thumb_func
  77              	HAL_SMARTCARDEx_EnableReceiverTimeOut:
  78              	.LFB138:
 117:HALLIB/Src/stm32f7xx_hal_smartcard_ex.c **** }
 118:HALLIB/Src/stm32f7xx_hal_smartcard_ex.c **** 
 119:HALLIB/Src/stm32f7xx_hal_smartcard_ex.c **** /**
 120:HALLIB/Src/stm32f7xx_hal_smartcard_ex.c ****   * @brief Enable the SMARTCARD receiver timeout feature
 121:HALLIB/Src/stm32f7xx_hal_smartcard_ex.c ****   * @param hsc SMARTCARD handle
 122:HALLIB/Src/stm32f7xx_hal_smartcard_ex.c ****   * @retval HAL status
 123:HALLIB/Src/stm32f7xx_hal_smartcard_ex.c ****   */
 124:HALLIB/Src/stm32f7xx_hal_smartcard_ex.c **** HAL_StatusTypeDef HAL_SMARTCARDEx_EnableReceiverTimeOut(SMARTCARD_HandleTypeDef *hsc)
 125:HALLIB/Src/stm32f7xx_hal_smartcard_ex.c **** {
  79              		.loc 1 125 0
  80              		.cfi_startproc
  81              		@ args = 0, pretend = 0, frame = 0
  82              		@ frame_needed = 0, uses_anonymous_args = 0
  83              		@ link register save eliminated.
  84              	.LVL4:
 126:HALLIB/Src/stm32f7xx_hal_smartcard_ex.c ****   /* Process Locked */
 127:HALLIB/Src/stm32f7xx_hal_smartcard_ex.c ****   __HAL_LOCK(hsc);
  85              		.loc 1 127 0
  86 0000 90F88030 		ldrb	r3, [r0, #128]	@ zero_extendqisi2
  87 0004 012B     		cmp	r3, #1
  88 0006 12D0     		beq	.L5
  89              		.loc 1 127 0 is_stmt 0 discriminator 2
  90 0008 0123     		movs	r3, #1
  91 000a 80F88030 		strb	r3, [r0, #128]
 128:HALLIB/Src/stm32f7xx_hal_smartcard_ex.c **** 
 129:HALLIB/Src/stm32f7xx_hal_smartcard_ex.c ****   hsc->gState = HAL_SMARTCARD_STATE_BUSY;
  92              		.loc 1 129 0 is_stmt 1 discriminator 2
  93 000e 2423     		movs	r3, #36
  94 0010 80F88130 		strb	r3, [r0, #129]
 130:HALLIB/Src/stm32f7xx_hal_smartcard_ex.c **** 
 131:HALLIB/Src/stm32f7xx_hal_smartcard_ex.c ****   /* Set the USART RTOEN bit */
 132:HALLIB/Src/stm32f7xx_hal_smartcard_ex.c ****   hsc->Instance->CR2 |= USART_CR2_RTOEN;
  95              		.loc 1 132 0 discriminator 2
  96 0014 0268     		ldr	r2, [r0]
  97 0016 5368     		ldr	r3, [r2, #4]
  98 0018 43F40003 		orr	r3, r3, #8388608
  99 001c 5360     		str	r3, [r2, #4]
 133:HALLIB/Src/stm32f7xx_hal_smartcard_ex.c **** 
 134:HALLIB/Src/stm32f7xx_hal_smartcard_ex.c ****   hsc->gState = HAL_SMARTCARD_STATE_READY;
ARM GAS  /tmp/ccu2qhJa.s 			page 5


 100              		.loc 1 134 0 discriminator 2
 101 001e 2023     		movs	r3, #32
 102 0020 80F88130 		strb	r3, [r0, #129]
 135:HALLIB/Src/stm32f7xx_hal_smartcard_ex.c **** 
 136:HALLIB/Src/stm32f7xx_hal_smartcard_ex.c ****   /* Process Unlocked */
 137:HALLIB/Src/stm32f7xx_hal_smartcard_ex.c ****   __HAL_UNLOCK(hsc);
 103              		.loc 1 137 0 discriminator 2
 104 0024 0023     		movs	r3, #0
 105 0026 80F88030 		strb	r3, [r0, #128]
 138:HALLIB/Src/stm32f7xx_hal_smartcard_ex.c **** 
 139:HALLIB/Src/stm32f7xx_hal_smartcard_ex.c ****   return HAL_OK;
 106              		.loc 1 139 0 discriminator 2
 107 002a 1846     		mov	r0, r3
 108              	.LVL5:
 109 002c 7047     		bx	lr
 110              	.LVL6:
 111              	.L5:
 127:HALLIB/Src/stm32f7xx_hal_smartcard_ex.c **** 
 112              		.loc 1 127 0
 113 002e 0220     		movs	r0, #2
 114              	.LVL7:
 140:HALLIB/Src/stm32f7xx_hal_smartcard_ex.c **** }
 115              		.loc 1 140 0
 116 0030 7047     		bx	lr
 117              		.cfi_endproc
 118              	.LFE138:
 120 0032 00BF     		.section	.text.HAL_SMARTCARDEx_DisableReceiverTimeOut,"ax",%progbits
 121              		.align	2
 122              		.global	HAL_SMARTCARDEx_DisableReceiverTimeOut
 123              		.thumb
 124              		.thumb_func
 126              	HAL_SMARTCARDEx_DisableReceiverTimeOut:
 127              	.LFB139:
 141:HALLIB/Src/stm32f7xx_hal_smartcard_ex.c **** 
 142:HALLIB/Src/stm32f7xx_hal_smartcard_ex.c **** /**
 143:HALLIB/Src/stm32f7xx_hal_smartcard_ex.c ****   * @brief Disable the SMARTCARD receiver timeout feature
 144:HALLIB/Src/stm32f7xx_hal_smartcard_ex.c ****   * @param hsc SMARTCARD handle
 145:HALLIB/Src/stm32f7xx_hal_smartcard_ex.c ****   * @retval HAL status
 146:HALLIB/Src/stm32f7xx_hal_smartcard_ex.c ****   */
 147:HALLIB/Src/stm32f7xx_hal_smartcard_ex.c **** HAL_StatusTypeDef HAL_SMARTCARDEx_DisableReceiverTimeOut(SMARTCARD_HandleTypeDef *hsc)
 148:HALLIB/Src/stm32f7xx_hal_smartcard_ex.c **** {
 128              		.loc 1 148 0
 129              		.cfi_startproc
 130              		@ args = 0, pretend = 0, frame = 0
 131              		@ frame_needed = 0, uses_anonymous_args = 0
 132              		@ link register save eliminated.
 133              	.LVL8:
 149:HALLIB/Src/stm32f7xx_hal_smartcard_ex.c ****   /* Process Locked */
 150:HALLIB/Src/stm32f7xx_hal_smartcard_ex.c ****   __HAL_LOCK(hsc);
 134              		.loc 1 150 0
 135 0000 90F88030 		ldrb	r3, [r0, #128]	@ zero_extendqisi2
 136 0004 012B     		cmp	r3, #1
 137 0006 12D0     		beq	.L8
 138              		.loc 1 150 0 is_stmt 0 discriminator 2
 139 0008 0123     		movs	r3, #1
 140 000a 80F88030 		strb	r3, [r0, #128]
 151:HALLIB/Src/stm32f7xx_hal_smartcard_ex.c **** 
ARM GAS  /tmp/ccu2qhJa.s 			page 6


 152:HALLIB/Src/stm32f7xx_hal_smartcard_ex.c ****   hsc->gState = HAL_SMARTCARD_STATE_BUSY;
 141              		.loc 1 152 0 is_stmt 1 discriminator 2
 142 000e 2423     		movs	r3, #36
 143 0010 80F88130 		strb	r3, [r0, #129]
 153:HALLIB/Src/stm32f7xx_hal_smartcard_ex.c **** 
 154:HALLIB/Src/stm32f7xx_hal_smartcard_ex.c ****   /* Clear the USART RTOEN bit */
 155:HALLIB/Src/stm32f7xx_hal_smartcard_ex.c ****   hsc->Instance->CR2 &= ~(USART_CR2_RTOEN);
 144              		.loc 1 155 0 discriminator 2
 145 0014 0268     		ldr	r2, [r0]
 146 0016 5368     		ldr	r3, [r2, #4]
 147 0018 23F40003 		bic	r3, r3, #8388608
 148 001c 5360     		str	r3, [r2, #4]
 156:HALLIB/Src/stm32f7xx_hal_smartcard_ex.c **** 
 157:HALLIB/Src/stm32f7xx_hal_smartcard_ex.c ****   hsc->gState = HAL_SMARTCARD_STATE_READY;
 149              		.loc 1 157 0 discriminator 2
 150 001e 2023     		movs	r3, #32
 151 0020 80F88130 		strb	r3, [r0, #129]
 158:HALLIB/Src/stm32f7xx_hal_smartcard_ex.c **** 
 159:HALLIB/Src/stm32f7xx_hal_smartcard_ex.c ****   /* Process Unlocked */
 160:HALLIB/Src/stm32f7xx_hal_smartcard_ex.c ****   __HAL_UNLOCK(hsc);
 152              		.loc 1 160 0 discriminator 2
 153 0024 0023     		movs	r3, #0
 154 0026 80F88030 		strb	r3, [r0, #128]
 161:HALLIB/Src/stm32f7xx_hal_smartcard_ex.c **** 
 162:HALLIB/Src/stm32f7xx_hal_smartcard_ex.c ****   return HAL_OK;
 155              		.loc 1 162 0 discriminator 2
 156 002a 1846     		mov	r0, r3
 157              	.LVL9:
 158 002c 7047     		bx	lr
 159              	.LVL10:
 160              	.L8:
 150:HALLIB/Src/stm32f7xx_hal_smartcard_ex.c **** 
 161              		.loc 1 150 0
 162 002e 0220     		movs	r0, #2
 163              	.LVL11:
 163:HALLIB/Src/stm32f7xx_hal_smartcard_ex.c **** }
 164              		.loc 1 163 0
 165 0030 7047     		bx	lr
 166              		.cfi_endproc
 167              	.LFE139:
 169 0032 00BF     		.text
 170              	.Letext0:
 171              		.file 2 "/opt/5.4.2016q3/arm-none-eabi/include/machine/_default_types.h"
 172              		.file 3 "/opt/5.4.2016q3/arm-none-eabi/include/sys/_stdint.h"
 173              		.file 4 "Inc/stm32f767xx.h"
 174              		.file 5 "HALLIB/Inc/stm32f7xx_hal_def.h"
 175              		.file 6 "HALLIB/Inc/stm32f7xx_hal_dma.h"
 176              		.file 7 "HALLIB/Inc/stm32f7xx_hal_smartcard.h"
 177              		.file 8 "CORE/core_cm7.h"
ARM GAS  /tmp/ccu2qhJa.s 			page 7


DEFINED SYMBOLS
                            *ABS*:00000000 stm32f7xx_hal_smartcard_ex.c
     /tmp/ccu2qhJa.s:21     .text.HAL_SMARTCARDEx_BlockLength_Config:00000000 $t
     /tmp/ccu2qhJa.s:26     .text.HAL_SMARTCARDEx_BlockLength_Config:00000000 HAL_SMARTCARDEx_BlockLength_Config
     /tmp/ccu2qhJa.s:47     .text.HAL_SMARTCARDEx_TimeOut_Config:00000000 $t
     /tmp/ccu2qhJa.s:52     .text.HAL_SMARTCARDEx_TimeOut_Config:00000000 HAL_SMARTCARDEx_TimeOut_Config
     /tmp/ccu2qhJa.s:72     .text.HAL_SMARTCARDEx_EnableReceiverTimeOut:00000000 $t
     /tmp/ccu2qhJa.s:77     .text.HAL_SMARTCARDEx_EnableReceiverTimeOut:00000000 HAL_SMARTCARDEx_EnableReceiverTimeOut
     /tmp/ccu2qhJa.s:121    .text.HAL_SMARTCARDEx_DisableReceiverTimeOut:00000000 $t
     /tmp/ccu2qhJa.s:126    .text.HAL_SMARTCARDEx_DisableReceiverTimeOut:00000000 HAL_SMARTCARDEx_DisableReceiverTimeOut
                     .debug_frame:00000010 $d

NO UNDEFINED SYMBOLS
